u:\glframework_starthere\x64\debug\int\vc141.pdb
u:\glframework_starthere\x64\debug\int\vc141.idb
u:\glframework_starthere\x64\debug\int\imgui.obj
u:\glframework_starthere\x64\debug\int\imgui_demo.obj
u:\glframework_starthere\x64\debug\int\imgui_draw.obj
u:\glframework_starthere\x64\debug\int\imgui_impl_sdl_gl3.obj
u:\glframework_starthere\x64\debug\int\my_render_code.obj
u:\glframework_starthere\x64\debug\int\main.obj
u:\glframework_starthere\x64\debug\int\physics.obj
u:\glframework_starthere\x64\debug\int\render.obj
u:\glframework_starthere\x64\debug\int\render_prims.obj
u:\glframework_starthere\x64\debug\gl_framework.lib
u:\glframework_starthere\x64\debug\gl_framework.exp
u:\glframework_starthere\x64\debug\gl_framework.exe
u:\glframework_starthere\x64\debug\gl_framework.ilk
u:\glframework_starthere\x64\debug\gl_framework.pdb
u:\glframework_starthere\x64\debug\int\gl_framework.tlog\cl.command.1.tlog
u:\glframework_starthere\x64\debug\int\gl_framework.tlog\cl.read.1.tlog
u:\glframework_starthere\x64\debug\int\gl_framework.tlog\cl.write.1.tlog
u:\glframework_starthere\x64\debug\int\gl_framework.tlog\gl_framework.write.1u.tlog
u:\glframework_starthere\x64\debug\int\gl_framework.tlog\link.command.1.tlog
u:\glframework_starthere\x64\debug\int\gl_framework.tlog\link.read.1.tlog
u:\glframework_starthere\x64\debug\int\gl_framework.tlog\link.write.1.tlog
